Run ID: 2
Architecture: baseline
Device: cuda
Train samples: 627 | Test samples: 51
Trainable params: 24,033,090

============================================================
Training for 40 epochs | Warmup: 5 epochs
============================================================

[01/40] λ=0.000 | loss=0.8487 acc=0.502 | test acc=0.431 f1=0.603 auroc=0.534
[02/40] λ=0.000 | loss=0.8374 acc=0.485 | test acc=0.431 f1=0.603 auroc=0.473
[03/40] λ=0.000 | loss=0.8103 acc=0.521 | test acc=0.431 f1=0.603 auroc=0.489
[04/40] λ=0.000 | loss=0.8060 acc=0.495 | test acc=0.431 f1=0.603 auroc=0.513
[05/40] λ=0.000 | loss=0.7874 acc=0.518 | test acc=0.431 f1=0.603 auroc=0.503
[06/40] λ=0.007 | loss=0.7475 acc=0.640 | test acc=0.431 f1=0.603 auroc=0.505
[07/40] λ=0.014 | loss=0.6731 acc=0.719 | test acc=0.431 f1=0.603 auroc=0.533
[08/40] λ=0.021 | loss=0.5846 acc=0.826 | test acc=0.431 f1=0.603 auroc=0.509
[09/40] λ=0.028 | loss=0.5062 acc=0.890 | test acc=0.431 f1=0.603 auroc=0.517
[10/40] λ=0.034 | loss=0.4323 acc=0.911 | test acc=0.431 f1=0.603 auroc=0.525
[11/40] λ=0.040 | loss=0.3832 acc=0.938 | test acc=0.431 f1=0.603 auroc=0.516
[12/40] λ=0.046 | loss=0.3803 acc=0.934 | test acc=0.431 f1=0.603 auroc=0.533
[13/40] λ=0.052 | loss=0.3322 acc=0.946 | test acc=0.431 f1=0.603 auroc=0.542
[14/40] λ=0.057 | loss=0.2942 acc=0.961 | test acc=0.431 f1=0.603 auroc=0.531
[15/40] λ=0.061 | loss=0.3227 acc=0.959 | test acc=0.431 f1=0.603 auroc=0.534
[16/40] λ=0.066 | loss=0.2839 acc=0.974 | test acc=0.431 f1=0.603 auroc=0.538
[17/40] λ=0.069 | loss=0.2667 acc=0.977 | test acc=0.431 f1=0.603 auroc=0.513
[18/40] λ=0.073 | loss=0.2622 acc=0.975 | test acc=0.431 f1=0.603 auroc=0.525
[19/40] λ=0.076 | loss=0.2756 acc=0.970 | test acc=0.431 f1=0.603 auroc=0.491
[20/40] λ=0.079 | loss=0.2668 acc=0.977 | test acc=0.431 f1=0.603 auroc=0.536
[21/40] λ=0.082 | loss=0.2496 acc=0.984 | test acc=0.431 f1=0.603 auroc=0.542
[22/40] λ=0.084 | loss=0.2367 acc=0.992 | test acc=0.431 f1=0.603 auroc=0.520
[23/40] λ=0.086 | loss=0.2361 acc=0.985 | test acc=0.431 f1=0.603 auroc=0.525
[24/40] λ=0.088 | loss=0.2396 acc=0.982 | test acc=0.431 f1=0.603 auroc=0.541
[25/40] λ=0.089 | loss=0.2406 acc=0.980 | test acc=0.451 f1=0.611 auroc=0.560
[26/40] λ=0.091 | loss=0.2309 acc=0.987 | test acc=0.490 f1=0.629 auroc=0.577
[27/40] λ=0.092 | loss=0.2510 acc=0.980 | test acc=0.490 f1=0.629 auroc=0.611
[28/40] λ=0.093 | loss=0.2300 acc=0.990 | test acc=0.431 f1=0.603 auroc=0.527
[29/40] λ=0.094 | loss=0.2150 acc=1.000 | test acc=0.431 f1=0.603 auroc=0.527
[30/40] λ=0.095 | loss=0.2273 acc=0.987 | test acc=0.431 f1=0.603 auroc=0.508
[31/40] λ=0.095 | loss=0.2248 acc=0.990 | test acc=0.431 f1=0.603 auroc=0.487
[32/40] λ=0.096 | loss=0.2106 acc=0.997 | test acc=0.431 f1=0.603 auroc=0.520
[33/40] λ=0.096 | loss=0.2188 acc=0.995 | test acc=0.431 f1=0.603 auroc=0.513
[34/40] λ=0.097 | loss=0.2205 acc=0.993 | test acc=0.431 f1=0.603 auroc=0.497
[35/40] λ=0.097 | loss=0.2421 acc=0.979 | test acc=0.431 f1=0.603 auroc=0.484
[36/40] λ=0.098 | loss=0.2330 acc=0.987 | test acc=0.431 f1=0.603 auroc=0.525
[37/40] λ=0.098 | loss=0.2248 acc=0.992 | test acc=0.431 f1=0.603 auroc=0.484
[38/40] λ=0.098 | loss=0.2329 acc=0.987 | test acc=0.490 f1=0.618 auroc=0.541
[39/40] λ=0.098 | loss=0.2105 acc=0.998 | test acc=0.431 f1=0.603 auroc=0.527
[40/40] λ=0.099 | loss=0.2284 acc=0.985 | test acc=0.431 f1=0.603 auroc=0.498

Training complete. All checkpoints saved.

==================================================
CROSS-DOMAIN EVALUATION RESULTS
==================================================
Accuracy : 0.5686
F1 Score : 0.2143
AUROC    : 0.4373

Best Threshold Found       : 0.60
Mean Variance (uncertainty): 0.0002
Mean Entropy               : 0.6833

Classification Report:
              precision    recall  f1-score   support

      normal       0.58      0.90      0.70        29
      defect       0.50      0.14      0.21        22

    accuracy                           0.57        51
   macro avg       0.54      0.52      0.46        51
weighted avg       0.54      0.57      0.49        51

Saved: plots/baseline/run_2/training_curves.png
Saved: plots/baseline/run_2/roc_curve.png
Saved: plots/baseline/run_2/uncertainty.png
Saved: plots/baseline/run_2/confusion_matrix.png

All plots saved to: plots/baseline/run_2/

Run complete. Logs saved.
