Run ID: 3
Architecture: a
Device: cuda
Train samples: 627 | Test samples: 51
Trainable params: 11,440,453

============================================================
Training for 40 epochs | Warmup: 5 epochs
============================================================

[01/40] λ=0.000 | loss=0.8568 acc=0.513 | test acc=0.725 f1=0.682 auroc=0.658
[02/40] λ=0.000 | loss=0.8330 acc=0.512 | test acc=0.667 f1=0.605 auroc=0.671
[03/40] λ=0.000 | loss=0.8152 acc=0.528 | test acc=0.647 f1=0.591 auroc=0.652
[04/40] λ=0.000 | loss=0.8012 acc=0.553 | test acc=0.647 f1=0.591 auroc=0.636
[05/40] λ=0.000 | loss=0.7956 acc=0.539 | test acc=0.588 f1=0.512 auroc=0.624
[06/40] λ=0.007 | loss=0.8696 acc=0.592 | test acc=0.647 f1=0.591 auroc=0.687
[07/40] λ=0.014 | loss=0.8151 acc=0.592 | test acc=0.647 f1=0.609 auroc=0.618
[08/40] λ=0.021 | loss=0.7593 acc=0.661 | test acc=0.667 f1=0.638 auroc=0.660
[09/40] λ=0.028 | loss=0.6940 acc=0.766 | test acc=0.667 f1=0.653 auroc=0.712
[10/40] λ=0.034 | loss=0.6349 acc=0.814 | test acc=0.686 f1=0.692 auroc=0.665
[11/40] λ=0.040 | loss=0.5525 acc=0.822 | test acc=0.667 f1=0.653 auroc=0.627
[12/40] λ=0.046 | loss=0.5130 acc=0.877 | test acc=0.725 f1=0.720 auroc=0.669
[13/40] λ=0.052 | loss=0.4782 acc=0.901 | test acc=0.686 f1=0.692 auroc=0.654
[14/40] λ=0.057 | loss=0.4109 acc=0.933 | test acc=0.667 f1=0.691 auroc=0.639
[15/40] λ=0.061 | loss=0.4152 acc=0.934 | test acc=0.706 f1=0.706 auroc=0.702
[16/40] λ=0.066 | loss=0.3973 acc=0.939 | test acc=0.686 f1=0.704 auroc=0.718
[17/40] λ=0.069 | loss=0.3847 acc=0.926 | test acc=0.667 f1=0.679 auroc=0.704
[18/40] λ=0.073 | loss=0.3409 acc=0.969 | test acc=0.706 f1=0.717 auroc=0.704
[19/40] λ=0.076 | loss=0.3730 acc=0.934 | test acc=0.725 f1=0.741 auroc=0.721
[20/40] λ=0.079 | loss=0.3157 acc=0.969 | test acc=0.647 f1=0.667 auroc=0.702
[21/40] λ=0.082 | loss=0.2989 acc=0.972 | test acc=0.667 f1=0.679 auroc=0.715
[22/40] λ=0.084 | loss=0.2898 acc=0.977 | test acc=0.608 f1=0.655 auroc=0.721
[23/40] λ=0.086 | loss=0.2872 acc=0.977 | test acc=0.608 f1=0.667 auroc=0.685
[24/40] λ=0.088 | loss=0.2890 acc=0.967 | test acc=0.627 f1=0.678 auroc=0.674
[25/40] λ=0.089 | loss=0.2836 acc=0.984 | test acc=0.627 f1=0.678 auroc=0.636
[26/40] λ=0.091 | loss=0.2641 acc=0.988 | test acc=0.549 f1=0.623 auroc=0.655
[27/40] λ=0.092 | loss=0.2861 acc=0.969 | test acc=0.549 f1=0.623 auroc=0.627
[28/40] λ=0.093 | loss=0.2899 acc=0.972 | test acc=0.569 f1=0.656 auroc=0.676
[29/40] λ=0.094 | loss=0.2566 acc=0.985 | test acc=0.647 f1=0.690 auroc=0.707
[30/40] λ=0.095 | loss=0.2707 acc=0.984 | test acc=0.627 f1=0.678 auroc=0.669
[31/40] λ=0.095 | loss=0.2567 acc=0.985 | test acc=0.510 f1=0.615 auroc=0.649
[32/40] λ=0.096 | loss=0.2495 acc=0.985 | test acc=0.510 f1=0.615 auroc=0.647
[33/40] λ=0.096 | loss=0.2574 acc=0.982 | test acc=0.510 f1=0.627 auroc=0.677
[34/40] λ=0.097 | loss=0.2535 acc=0.987 | test acc=0.529 f1=0.636 auroc=0.657
[35/40] λ=0.097 | loss=0.2480 acc=0.993 | test acc=0.529 f1=0.636 auroc=0.663
[36/40] λ=0.098 | loss=0.2402 acc=0.997 | test acc=0.529 f1=0.636 auroc=0.630
[37/40] λ=0.098 | loss=0.2512 acc=0.984 | test acc=0.529 f1=0.636 auroc=0.647
[38/40] λ=0.098 | loss=0.2521 acc=0.984 | test acc=0.529 f1=0.636 auroc=0.644
[39/40] λ=0.098 | loss=0.2535 acc=0.988 | test acc=0.529 f1=0.636 auroc=0.647
[40/40] λ=0.099 | loss=0.2444 acc=0.995 | test acc=0.529 f1=0.636 auroc=0.652

Training complete. All checkpoints saved.

==================================================
CROSS-DOMAIN EVALUATION RESULTS
==================================================
Accuracy : 0.5882
F1 Score : 0.2759
AUROC    : 0.5752

Best Threshold Found       : 0.65
Mean Variance (uncertainty): 0.0005
Mean Entropy               : 0.6708

Classification Report:
              precision    recall  f1-score   support

      normal       0.59      0.90      0.71        29
      defect       0.57      0.18      0.28        22

    accuracy                           0.59        51
   macro avg       0.58      0.54      0.49        51
weighted avg       0.58      0.59      0.52        51

Saved: plots/a/run_3/training_curves.png
Saved: plots/a/run_3/roc_curve.png
Saved: plots/a/run_3/uncertainty.png
Saved: plots/a/run_3/confusion_matrix.png

All plots saved to: plots/a/run_3/

Run complete. Logs saved.
